<?xml version="1.0" encoding="UTF-8"?>
<!-- Generated by org.testng.reporters.JUnitXMLReporter -->
<testsuite ignored="2" hostname="IEA-42612" failures="0" tests="5" name="Surefire test" time="8.805" errors="0" timestamp="03 Apr 2024 20:10:55 GMT">
  <testcase classname="RecipesTest" name="AnalyzeRecipe" time="1.8"/>
  <testcase classname="RecipesTest" name="ClassifyCuisine" time="0.701"/>
  <testcase classname="RecipesTest" name="GetRecipeInformation" time="0.712"/>
  <testcase classname="RecipesTest" name="SearchRecipes" time="1.006"/>
  <testcase classname="RecipesTest" name="SummarizeRecipe" time="4.513"/>
  <testcase classname="BaseTest" name="@AfterSuite TearDownSuite" time="0.0">
    <ignored/>
  </testcase> <!-- @AfterSuite TearDownSuite -->
  <testcase classname="BaseTest" name="@BeforeSuite SetUpSuite" time="0.0">
    <ignored/>
  </testcase> <!-- @BeforeSuite SetUpSuite -->
</testsuite> <!-- Surefire test -->
