<?xml version="1.0" encoding="UTF-8"?>
<testng-results ignored="2" total="7" passed="5" failed="0" skipped="0">
  <reporter-output>
  </reporter-output>
  <suite started-at="2024-04-03T20:10:46Z" name="Surefire suite" finished-at="2024-04-03T20:10:55Z" duration-ms="8805">
    <groups>
    </groups>
    <test started-at="2024-04-03T20:10:46Z" name="Surefire test" finished-at="2024-04-03T20:10:55Z" duration-ms="8805">
      <class name="RecipesTest">
        <test-method signature="AnalyzeRecipe()[pri:0, instance:RecipesTest@3541cb24]" started-at="2024-04-04T03:10:46Z" name="AnalyzeRecipe" description="Analyze Recipe" finished-at="2024-04-04T03:10:48Z" duration-ms="1800" status="PASS">
          <reporter-output>
          </reporter-output>
        </test-method> <!-- AnalyzeRecipe -->
        <test-method signature="ClassifyCuisine()[pri:0, instance:RecipesTest@3541cb24]" started-at="2024-04-04T03:10:48Z" name="ClassifyCuisine" description="Classify Cuisine" finished-at="2024-04-04T03:10:49Z" duration-ms="701" status="PASS">
          <reporter-output>
          </reporter-output>
        </test-method> <!-- ClassifyCuisine -->
        <test-method signature="GetRecipeInformation()[pri:0, instance:RecipesTest@3541cb24]" started-at="2024-04-04T03:10:49Z" name="GetRecipeInformation" description="Get Recipe Information" finished-at="2024-04-04T03:10:50Z" duration-ms="712" status="PASS">
          <reporter-output>
          </reporter-output>
        </test-method> <!-- GetRecipeInformation -->
        <test-method signature="SearchRecipes()[pri:0, instance:RecipesTest@3541cb24]" started-at="2024-04-04T03:10:50Z" name="SearchRecipes" description="Search Recipes" finished-at="2024-04-04T03:10:51Z" duration-ms="1006" status="PASS">
          <reporter-output>
          </reporter-output>
        </test-method> <!-- SearchRecipes -->
        <test-method signature="SummarizeRecipe()[pri:0, instance:RecipesTest@3541cb24]" started-at="2024-04-04T03:10:51Z" name="SummarizeRecipe" description="Summarize Recipe" finished-at="2024-04-04T03:10:55Z" duration-ms="4513" status="PASS">
          <reporter-output>
          </reporter-output>
        </test-method> <!-- SummarizeRecipe -->
      </class> <!-- RecipesTest -->
      <class name="BaseTest">
        <test-method is-config="true" signature="SetUpSuite()[pri:0, instance:BaseTest@52102734]" started-at="2024-04-04T03:10:46Z" name="SetUpSuite" description="Configure URI" finished-at="2024-04-04T03:10:46Z" duration-ms="297" status="PASS">
          <reporter-output>
          </reporter-output>
        </test-method> <!-- SetUpSuite -->
        <test-method is-config="true" signature="TearDownSuite()[pri:0, instance:BaseTest@52102734]" started-at="2024-04-04T03:10:55Z" name="TearDownSuite" finished-at="2024-04-04T03:10:55Z" duration-ms="4" status="PASS">
          <reporter-output>
          </reporter-output>
        </test-method> <!-- TearDownSuite -->
      </class> <!-- BaseTest -->
    </test> <!-- Surefire test -->
  </suite> <!-- Surefire suite -->
</testng-results>
